<?xml version="1.0" encoding="UTF-8"?>
<!-- Generated by org.testng.reporters.JUnitReportReporter -->
<testsuite hostname="DESKTOP-T7MPPON" failures="0" tests="1" name="testcases.tests" time="18.675" errors="0" timestamp="2025-04-03T22:36:15 IST" skipped="0">
  <testcase classname="testcases.tests" name="browserLaunch" time="18.675"/>
  <system-out/>
</testsuite> <!-- testcases.tests -->
